\BOOKMARK [1][-]{section.1}{\376\377\000I\000n\000t\000r\000o\000d\000u\000c\000t\000i\000o\000n\000:\000\040\000W\000h\000y\000\040\000D\000o\000c\000u\000m\000e\000n\000t\000\040\000D\000a\000t\000a\000b\000a\000s\000e\000s\000?}{}% 1
\BOOKMARK [2][-]{subsection.1.1}{\376\377\000T\000h\000e\000\040\000R\000e\000l\000a\000t\000i\000o\000n\000a\000l\000\040\000F\000o\000u\000n\000d\000a\000t\000i\000o\000n}{section.1}% 2
\BOOKMARK [2][-]{subsection.1.2}{\376\377\000T\000h\000e\000\040\000R\000i\000s\000e\000\040\000o\000f\000\040\000N\000o\000S\000Q\000L}{section.1}% 3
\BOOKMARK [2][-]{subsection.1.3}{\376\377\000T\000h\000e\000\040\000D\000o\000c\000u\000m\000e\000n\000t\000\040\000I\000n\000v\000e\000r\000s\000i\000o\000n}{section.1}% 4
\BOOKMARK [2][-]{subsection.1.4}{\376\377\000T\000h\000e\000\040\000C\000A\000P\000\040\000T\000h\000e\000o\000r\000e\000m\000\040\000C\000o\000n\000t\000e\000x\000t}{section.1}% 5
\BOOKMARK [1][-]{section.2}{\376\377\000T\000h\000e\000\040\000D\000o\000c\000u\000m\000e\000n\000t\000\040\000D\000a\000t\000a\000\040\000M\000o\000d\000e\000l\000\040\000i\000n\000\040\000D\000e\000p\000t\000h}{}% 6
\BOOKMARK [2][-]{subsection.2.1}{\376\377\000W\000h\000a\000t\000\040\000I\000s\000\040\000a\000\040\000D\000o\000c\000u\000m\000e\000n\000t\000?}{section.2}% 7
\BOOKMARK [2][-]{subsection.2.2}{\376\377\000C\000o\000l\000l\000e\000c\000t\000i\000o\000n\000s\000:\000\040\000S\000c\000h\000e\000m\000a\000-\000F\000l\000e\000x\000i\000b\000l\000e\000,\000\040\000N\000o\000t\000\040\000S\000c\000h\000e\000m\000a\000-\000F\000r\000e\000e}{section.2}% 8
\BOOKMARK [2][-]{subsection.2.3}{\376\377\000T\000h\000e\000\040\000O\000b\000j\000e\000c\000t\000-\000D\000o\000c\000u\000m\000e\000n\000t\000\040\000I\000m\000p\000e\000d\000a\000n\000c\000e\000\040\000M\000i\000s\000m\000a\000t\000c\000h\000\040\000\050\000o\000r\000\040\000L\000a\000c\000k\000\040\000T\000h\000e\000r\000e\000o\000f\000\051}{section.2}% 9
\BOOKMARK [1][-]{section.3}{\376\377\000J\000S\000O\000N\000\040\000a\000n\000d\000\040\000B\000S\000O\000N\000:\000\040\000T\000h\000e\000\040\000S\000e\000r\000i\000a\000l\000i\000z\000a\000t\000i\000o\000n\000\040\000F\000o\000r\000m\000a\000t\000s}{}% 10
\BOOKMARK [2][-]{subsection.3.1}{\376\377\000J\000S\000O\000N\000\040\000\050\000J\000a\000v\000a\000S\000c\000r\000i\000p\000t\000\040\000O\000b\000j\000e\000c\000t\000\040\000N\000o\000t\000a\000t\000i\000o\000n\000\051}{section.3}% 11
\BOOKMARK [3][-]{subsubsection.3.1.1}{\376\377\000F\000o\000r\000m\000a\000l\000\040\000G\000r\000a\000m\000m\000a\000r}{subsection.3.1}% 12
\BOOKMARK [3][-]{subsubsection.3.1.2}{\376\377\000T\000y\000p\000e\000\040\000S\000y\000s\000t\000e\000m\000\040\000L\000i\000m\000i\000t\000a\000t\000i\000o\000n\000s}{subsection.3.1}% 13
\BOOKMARK [2][-]{subsection.3.2}{\376\377\000B\000S\000O\000N\000\040\000\050\000B\000i\000n\000a\000r\000y\000\040\000J\000S\000O\000N\000\051}{section.3}% 14
\BOOKMARK [3][-]{subsubsection.3.2.1}{\376\377\000K\000e\000y\000\040\000E\000x\000t\000e\000n\000s\000i\000o\000n\000s\000\040\000O\000v\000e\000r\000\040\000J\000S\000O\000N}{subsection.3.2}% 15
\BOOKMARK [3][-]{subsubsection.3.2.2}{\376\377\000S\000t\000r\000u\000c\000t\000u\000r\000e\000\040\000a\000n\000d\000\040\000T\000r\000a\000v\000e\000r\000s\000a\000b\000i\000l\000i\000t\000y}{subsection.3.2}% 16
\BOOKMARK [3][-]{subsubsection.3.2.3}{\376\377\000S\000p\000a\000c\000e\000\040\000E\000f\000f\000i\000c\000i\000e\000n\000c\000y\000\040\000T\000r\000a\000d\000e\000-\000o\000f\000f\000s}{subsection.3.2}% 17
\BOOKMARK [3][-]{subsubsection.3.2.4}{\376\377\000O\000b\000j\000e\000c\000t\000I\000d\000\040\000D\000e\000e\000p\000\040\000D\000i\000v\000e}{subsection.3.2}% 18
\BOOKMARK [2][-]{subsection.3.3}{\376\377\000O\000t\000h\000e\000r\000\040\000F\000o\000r\000m\000a\000t\000s}{section.3}% 19
\BOOKMARK [1][-]{section.4}{\376\377\000D\000a\000t\000a\000\040\000M\000o\000d\000e\000l\000i\000n\000g\000:\000\040\000R\000e\000t\000h\000i\000n\000k\000i\000n\000g\000\040\000N\000o\000r\000m\000a\000l\000i\000z\000a\000t\000i\000o\000n}{}% 20
\BOOKMARK [2][-]{subsection.4.1}{\376\377\000T\000h\000e\000\040\000N\000o\000r\000m\000a\000l\000i\000z\000a\000t\000i\000o\000n\000\040\000O\000r\000t\000h\000o\000d\000o\000x\000y}{section.4}% 21
\BOOKMARK [2][-]{subsection.4.2}{\376\377\000T\000h\000e\000\040\000D\000o\000c\000u\000m\000e\000n\000t\000\040\000D\000e\000n\000o\000r\000m\000a\000l\000i\000z\000a\000t\000i\000o\000n\000\040\000S\000t\000r\000a\000t\000e\000g\000y}{section.4}% 22
\BOOKMARK [3][-]{subsubsection.4.2.1}{\376\377\000E\000m\000b\000e\000d\000d\000i\000n\000g\000\040\000v\000s\000.\000\040\000R\000e\000f\000e\000r\000e\000n\000c\000i\000n\000g}{subsection.4.2}% 23
\BOOKMARK [3][-]{subsubsection.4.2.2}{\376\377\000T\000h\000e\000\040\000`\000`\000B\000u\000i\000l\000d\000i\000n\000g\000\040\000T\000o\000g\000e\000t\000h\000e\000r\000'\000'\000\040\000R\000u\000l\000e}{subsection.4.2}% 24
\BOOKMARK [2][-]{subsection.4.3}{\376\377\000M\000o\000d\000e\000l\000i\000n\000g\000\040\000P\000a\000t\000t\000e\000r\000n\000s}{section.4}% 25
\BOOKMARK [3][-]{subsubsection.4.3.1}{\376\377\000T\000h\000e\000\040\000S\000u\000b\000s\000e\000t\000\040\000P\000a\000t\000t\000e\000r\000n}{subsection.4.3}% 26
\BOOKMARK [3][-]{subsubsection.4.3.2}{\376\377\000T\000h\000e\000\040\000E\000x\000t\000e\000n\000d\000e\000d\000\040\000R\000e\000f\000e\000r\000e\000n\000c\000e\000\040\000P\000a\000t\000t\000e\000r\000n}{subsection.4.3}% 27
\BOOKMARK [3][-]{subsubsection.4.3.3}{\376\377\000T\000h\000e\000\040\000S\000c\000h\000e\000m\000a\000\040\000V\000e\000r\000s\000i\000o\000n\000i\000n\000g\000\040\000P\000a\000t\000t\000e\000r\000n}{subsection.4.3}% 28
\BOOKMARK [3][-]{subsubsection.4.3.4}{\376\377\000T\000h\000e\000\040\000B\000u\000c\000k\000e\000t\000\040\000P\000a\000t\000t\000e\000r\000n}{subsection.4.3}% 29
\BOOKMARK [3][-]{subsubsection.4.3.5}{\376\377\000T\000h\000e\000\040\000P\000o\000l\000y\000m\000o\000r\000p\000h\000i\000c\000\040\000P\000a\000t\000t\000e\000r\000n}{subsection.4.3}% 30
\BOOKMARK [3][-]{subsubsection.4.3.6}{\376\377\000T\000h\000e\000\040\000O\000u\000t\000l\000i\000e\000r\000\040\000P\000a\000t\000t\000e\000r\000n}{subsection.4.3}% 31
\BOOKMARK [1][-]{section.5}{\376\377\000Q\000u\000e\000r\000y\000\040\000L\000a\000n\000g\000u\000a\000g\000e\000s\000\040\000a\000n\000d\000\040\000O\000p\000e\000r\000a\000t\000o\000r\000s}{}% 32
\BOOKMARK [2][-]{subsection.5.1}{\376\377\000F\000r\000o\000m\000\040\000S\000Q\000L\000\040\000t\000o\000\040\000D\000o\000c\000u\000m\000e\000n\000t\000\040\000Q\000u\000e\000r\000y\000\040\000L\000a\000n\000g\000u\000a\000g\000e\000s}{section.5}% 33
\BOOKMARK [3][-]{subsubsection.5.1.1}{\376\377\000M\000o\000n\000g\000o\000D\000B\000\040\000Q\000u\000e\000r\000y\000\040\000A\000P\000I}{subsection.5.1}% 34
\BOOKMARK [3][-]{subsubsection.5.1.2}{\376\377\000Q\000u\000e\000r\000y\000\040\000O\000p\000e\000r\000a\000t\000o\000r\000s\000\040\000T\000a\000x\000o\000n\000o\000m\000y}{subsection.5.1}% 35
\BOOKMARK [3][-]{subsubsection.5.1.3}{\376\377\000A\000r\000r\000a\000y\000\040\000Q\000u\000e\000r\000y\000\040\000O\000p\000e\000r\000a\000t\000o\000r\000s}{subsection.5.1}% 36
\BOOKMARK [2][-]{subsection.5.2}{\376\377\000T\000h\000e\000\040\000A\000g\000g\000r\000e\000g\000a\000t\000i\000o\000n\000\040\000P\000i\000p\000e\000l\000i\000n\000e}{section.5}% 37
\BOOKMARK [3][-]{subsubsection.5.2.1}{\376\377\000P\000i\000p\000e\000l\000i\000n\000e\000\040\000O\000p\000t\000i\000m\000i\000z\000a\000t\000i\000o\000n\000\040\000R\000u\000l\000e\000s}{subsection.5.2}% 38
\BOOKMARK [2][-]{subsection.5.3}{\376\377\000M\000a\000p\000-\000R\000e\000d\000u\000c\000e\000\040\000a\000n\000d\000\040\000A\000l\000t\000e\000r\000n\000a\000t\000i\000v\000e\000s}{section.5}% 39
\BOOKMARK [1][-]{section.6}{\376\377\000I\000n\000d\000e\000x\000i\000n\000g\000\040\000S\000t\000r\000a\000t\000e\000g\000i\000e\000s}{}% 40
\BOOKMARK [2][-]{subsection.6.1}{\376\377\000T\000h\000e\000\040\000B\000-\000T\000r\000e\000e\000\040\000F\000o\000u\000n\000d\000a\000t\000i\000o\000n}{section.6}% 41
\BOOKMARK [2][-]{subsection.6.2}{\376\377\000I\000n\000d\000e\000x\000\040\000T\000y\000p\000e\000s}{section.6}% 42
\BOOKMARK [2][-]{subsection.6.3}{\376\377\000T\000h\000e\000\040\000E\000S\000R\000\040\000R\000u\000l\000e}{section.6}% 43
\BOOKMARK [2][-]{subsection.6.4}{\376\377\000I\000n\000d\000e\000x\000\040\000I\000n\000t\000e\000r\000s\000e\000c\000t\000i\000o\000n}{section.6}% 44
\BOOKMARK [2][-]{subsection.6.5}{\376\377\000C\000o\000v\000e\000r\000e\000d\000\040\000Q\000u\000e\000r\000i\000e\000s}{section.6}% 45
\BOOKMARK [2][-]{subsection.6.6}{\376\377\000I\000n\000d\000e\000x\000\040\000B\000u\000i\000l\000d\000\040\000S\000t\000r\000a\000t\000e\000g\000i\000e\000s}{section.6}% 46
\BOOKMARK [1][-]{section.7}{\376\377\000C\000o\000n\000s\000i\000s\000t\000e\000n\000c\000y\000,\000\040\000T\000r\000a\000n\000s\000a\000c\000t\000i\000o\000n\000s\000,\000\040\000a\000n\000d\000\040\000A\000C\000I\000D}{}% 47
\BOOKMARK [2][-]{subsection.7.1}{\376\377\000T\000h\000e\000\040\000B\000A\000S\000E\000\040\000P\000a\000r\000a\000d\000i\000g\000m}{section.7}% 48
\BOOKMARK [2][-]{subsection.7.2}{\376\377\000M\000o\000n\000g\000o\000D\000B\000'\000s\000\040\000M\000u\000l\000t\000i\000-\000D\000o\000c\000u\000m\000e\000n\000t\000\040\000A\000C\000I\000D\000\040\000T\000r\000a\000n\000s\000a\000c\000t\000i\000o\000n\000s}{section.7}% 49
\BOOKMARK [2][-]{subsection.7.3}{\376\377\000R\000e\000a\000d\000\040\000C\000o\000n\000c\000e\000r\000n\000s\000\040\000a\000n\000d\000\040\000W\000r\000i\000t\000e\000\040\000C\000o\000n\000c\000e\000r\000n\000s}{section.7}% 50
\BOOKMARK [1][-]{section.8}{\376\377\000D\000i\000s\000t\000r\000i\000b\000u\000t\000e\000d\000\040\000A\000r\000c\000h\000i\000t\000e\000c\000t\000u\000r\000e}{}% 51
\BOOKMARK [2][-]{subsection.8.1}{\376\377\000R\000e\000p\000l\000i\000c\000a\000t\000i\000o\000n\000:\000\040\000R\000e\000p\000l\000i\000c\000a\000\040\000S\000e\000t\000s}{section.8}% 52
\BOOKMARK [2][-]{subsection.8.2}{\376\377\000S\000h\000a\000r\000d\000i\000n\000g\000:\000\040\000H\000o\000r\000i\000z\000o\000n\000t\000a\000l\000\040\000S\000c\000a\000l\000i\000n\000g}{section.8}% 53
\BOOKMARK [3][-]{subsubsection.8.2.1}{\376\377\000S\000h\000a\000r\000d\000i\000n\000g\000\040\000C\000o\000m\000p\000o\000n\000e\000n\000t\000s}{subsection.8.2}% 54
\BOOKMARK [3][-]{subsubsection.8.2.2}{\376\377\000S\000h\000a\000r\000d\000\040\000K\000e\000y\000s}{subsection.8.2}% 55
\BOOKMARK [3][-]{subsubsection.8.2.3}{\376\377\000C\000h\000u\000n\000k\000\040\000S\000p\000l\000i\000t\000t\000i\000n\000g\000\040\000a\000n\000d\000\040\000B\000a\000l\000a\000n\000c\000i\000n\000g}{subsection.8.2}% 56
\BOOKMARK [2][-]{subsection.8.3}{\376\377\000T\000h\000e\000\040\000C\000A\000P\000\040\000T\000h\000e\000o\000r\000e\000m\000\040\000R\000e\000v\000i\000s\000i\000t\000e\000d}{section.8}% 57
\BOOKMARK [1][-]{section.9}{\376\377\000M\000a\000j\000o\000r\000\040\000D\000o\000c\000u\000m\000e\000n\000t\000\040\000D\000a\000t\000a\000b\000a\000s\000e\000\040\000I\000m\000p\000l\000e\000m\000e\000n\000t\000a\000t\000i\000o\000n\000s}{}% 58
\BOOKMARK [2][-]{subsection.9.1}{\376\377\000M\000o\000n\000g\000o\000D\000B}{section.9}% 59
\BOOKMARK [2][-]{subsection.9.2}{\376\377\000A\000m\000a\000z\000o\000n\000\040\000D\000o\000c\000u\000m\000e\000n\000t\000D\000B}{section.9}% 60
\BOOKMARK [2][-]{subsection.9.3}{\376\377\000A\000z\000u\000r\000e\000\040\000C\000o\000s\000m\000o\000s\000\040\000D\000B\000\040\000\050\000M\000o\000n\000g\000o\000D\000B\000\040\000A\000P\000I\000\051}{section.9}% 61
\BOOKMARK [2][-]{subsection.9.4}{\376\377\000C\000o\000u\000c\000h\000b\000a\000s\000e}{section.9}% 62
\BOOKMARK [2][-]{subsection.9.5}{\376\377\000A\000p\000a\000c\000h\000e\000\040\000C\000o\000u\000c\000h\000D\000B}{section.9}% 63
\BOOKMARK [2][-]{subsection.9.6}{\376\377\000G\000o\000o\000g\000l\000e\000\040\000F\000i\000r\000e\000s\000t\000o\000r\000e}{section.9}% 64
\BOOKMARK [2][-]{subsection.9.7}{\376\377\000A\000m\000a\000z\000o\000n\000\040\000D\000y\000n\000a\000m\000o\000D\000B\000\040\000\050\000w\000i\000t\000h\000\040\000D\000o\000c\000u\000m\000e\000n\000t\000\040\000M\000o\000d\000e\000l\000\051}{section.9}% 65
\BOOKMARK [2][-]{subsection.9.8}{\376\377\000P\000o\000s\000t\000g\000r\000e\000S\000Q\000L\000\040\000J\000S\000O\000N\000B}{section.9}% 66
\BOOKMARK [1][-]{section.10}{\376\377\000A\000d\000v\000a\000n\000c\000e\000d\000\040\000T\000o\000p\000i\000c\000s}{}% 67
\BOOKMARK [2][-]{subsection.10.1}{\376\377\000C\000h\000a\000n\000g\000e\000\040\000S\000t\000r\000e\000a\000m\000s\000\040\000a\000n\000d\000\040\000E\000v\000e\000n\000t\000\040\000S\000o\000u\000r\000c\000i\000n\000g}{section.10}% 68
\BOOKMARK [2][-]{subsection.10.2}{\376\377\000S\000c\000h\000e\000m\000a\000\040\000V\000a\000l\000i\000d\000a\000t\000i\000o\000n}{section.10}% 69
\BOOKMARK [2][-]{subsection.10.3}{\376\377\000F\000u\000l\000l\000-\000T\000e\000x\000t\000\040\000S\000e\000a\000r\000c\000h}{section.10}% 70
\BOOKMARK [2][-]{subsection.10.4}{\376\377\000T\000i\000m\000e\000-\000S\000e\000r\000i\000e\000s\000\040\000C\000o\000l\000l\000e\000c\000t\000i\000o\000n\000s}{section.10}% 71
\BOOKMARK [2][-]{subsection.10.5}{\376\377\000S\000e\000c\000u\000r\000i\000t\000y\000\040\000B\000e\000s\000t\000\040\000P\000r\000a\000c\000t\000i\000c\000e\000s}{section.10}% 72
\BOOKMARK [2][-]{subsection.10.6}{\376\377\000B\000a\000c\000k\000u\000p\000\040\000a\000n\000d\000\040\000R\000e\000c\000o\000v\000e\000r\000y\000\040\000S\000t\000r\000a\000t\000e\000g\000i\000e\000s}{section.10}% 73
\BOOKMARK [1][-]{section.11}{\376\377\000U\000s\000e\000\040\000C\000a\000s\000e\000s\000\040\000a\000n\000d\000\040\000A\000n\000t\000i\000-\000P\000a\000t\000t\000e\000r\000n\000s}{}% 74
\BOOKMARK [2][-]{subsection.11.1}{\376\377\000I\000d\000e\000a\000l\000\040\000U\000s\000e\000\040\000C\000a\000s\000e\000s}{section.11}% 75
\BOOKMARK [2][-]{subsection.11.2}{\376\377\000A\000n\000t\000i\000-\000P\000a\000t\000t\000e\000r\000n\000s}{section.11}% 76
\BOOKMARK [1][-]{section.12}{\376\377\000M\000i\000g\000r\000a\000t\000i\000o\000n\000\040\000S\000t\000r\000a\000t\000e\000g\000i\000e\000s\000\040\000f\000r\000o\000m\000\040\000R\000D\000B\000M\000S}{}% 77
\BOOKMARK [2][-]{subsection.12.1}{\376\377\000S\000c\000h\000e\000m\000a\000\040\000D\000i\000s\000c\000o\000v\000e\000r\000y\000\040\000a\000n\000d\000\040\000A\000n\000a\000l\000y\000s\000i\000s}{section.12}% 78
\BOOKMARK [2][-]{subsection.12.2}{\376\377\000M\000i\000g\000r\000a\000t\000i\000o\000n\000\040\000A\000p\000p\000r\000o\000a\000c\000h\000e\000s}{section.12}% 79
\BOOKMARK [2][-]{subsection.12.3}{\376\377\000E\000T\000L\000\040\000C\000o\000n\000s\000i\000d\000e\000r\000a\000t\000i\000o\000n\000s}{section.12}% 80
\BOOKMARK [1][-]{section.13}{\376\377\000P\000e\000r\000f\000o\000r\000m\000a\000n\000c\000e\000\040\000T\000u\000n\000i\000n\000g\000\040\000a\000n\000d\000\040\000O\000p\000e\000r\000a\000t\000i\000o\000n\000s}{}% 81
\BOOKMARK [2][-]{subsection.13.1}{\376\377\000T\000h\000e\000\040\000E\000x\000p\000l\000a\000i\000n\000\040\000P\000l\000a\000n}{section.13}% 82
\BOOKMARK [2][-]{subsection.13.2}{\376\377\000W\000o\000r\000k\000i\000n\000g\000\040\000S\000e\000t\000\040\000a\000n\000d\000\040\000M\000e\000m\000o\000r\000y}{section.13}% 83
\BOOKMARK [2][-]{subsection.13.3}{\376\377\000C\000o\000n\000n\000e\000c\000t\000i\000o\000n\000\040\000P\000o\000o\000l\000i\000n\000g}{section.13}% 84
\BOOKMARK [2][-]{subsection.13.4}{\376\377\000M\000o\000n\000i\000t\000o\000r\000i\000n\000g\000\040\000a\000n\000d\000\040\000A\000l\000e\000r\000t\000i\000n\000g}{section.13}% 85
\BOOKMARK [1][-]{section.14}{\376\377\000D\000e\000c\000i\000s\000i\000o\000n\000\040\000F\000r\000a\000m\000e\000w\000o\000r\000k}{}% 86
\BOOKMARK [2][-]{subsection.14.1}{\376\377\000W\000h\000e\000n\000\040\000t\000o\000\040\000C\000h\000o\000o\000s\000e\000\040\000D\000o\000c\000u\000m\000e\000n\000t}{section.14}% 87
\BOOKMARK [2][-]{subsection.14.2}{\376\377\000W\000h\000e\000n\000\040\000t\000o\000\040\000S\000t\000i\000c\000k\000\040\000w\000i\000t\000h\000\040\000R\000D\000B\000M\000S}{section.14}% 88
\BOOKMARK [1][-]{section.15}{\376\377\000S\000u\000m\000m\000a\000r\000y\000\040\000a\000n\000d\000\040\000M\000e\000n\000t\000a\000l\000\040\000M\000o\000d\000e\000l}{}% 89
\BOOKMARK [1][-]{section.16}{\376\377\000E\000x\000e\000r\000c\000i\000s\000e\000s}{}% 90
